{"/home/plinio/Documentos/Projetos/startdb2024/desafio-pliniogoncalves-2024/src/recintos-zoo.js": {"path":"/home/plinio/Documentos/Projetos/startdb2024/desafio-pliniogoncalves-2024/src/recintos-zoo.js","all":false,"statementMap":{"0":{"start":{"line":1,"column":0},"end":{"line":1,"column":37}},"1":{"start":{"line":2,"column":0},"end":{"line":2,"column":18}},"2":{"start":{"line":3,"column":0},"end":{"line":3,"column":104}},"3":{"start":{"line":4,"column":0},"end":{"line":4,"column":77}},"4":{"start":{"line":5,"column":0},"end":{"line":5,"column":89}},"5":{"start":{"line":6,"column":0},"end":{"line":6,"column":72}},"6":{"start":{"line":7,"column":0},"end":{"line":7,"column":80}},"7":{"start":{"line":8,"column":0},"end":{"line":8,"column":4}},"8":{"start":{"line":9,"column":0},"end":{"line":9,"column":2}},"9":{"start":{"line":10,"column":0},"end":{"line":10,"column":19}},"10":{"start":{"line":11,"column":0},"end":{"line":11,"column":62}},"11":{"start":{"line":12,"column":0},"end":{"line":12,"column":66}},"12":{"start":{"line":13,"column":0},"end":{"line":13,"column":64}},"13":{"start":{"line":14,"column":0},"end":{"line":14,"column":77}},"14":{"start":{"line":15,"column":0},"end":{"line":15,"column":65}},"15":{"start":{"line":16,"column":0},"end":{"line":16,"column":75}},"16":{"start":{"line":17,"column":0},"end":{"line":17,"column":2}},"17":{"start":{"line":18,"column":0},"end":{"line":18,"column":0}},"18":{"start":{"line":19,"column":0},"end":{"line":19,"column":19}},"19":{"start":{"line":20,"column":0},"end":{"line":20,"column":41}},"20":{"start":{"line":21,"column":0},"end":{"line":21,"column":39}},"21":{"start":{"line":22,"column":0},"end":{"line":22,"column":29}},"22":{"start":{"line":23,"column":0},"end":{"line":23,"column":43}},"23":{"start":{"line":24,"column":0},"end":{"line":24,"column":7}},"24":{"start":{"line":25,"column":0},"end":{"line":25,"column":2}},"25":{"start":{"line":26,"column":0},"end":{"line":26,"column":43}},"26":{"start":{"line":27,"column":0},"end":{"line":27,"column":28}},"27":{"start":{"line":28,"column":0},"end":{"line":28,"column":47}},"28":{"start":{"line":29,"column":0},"end":{"line":29,"column":7}},"29":{"start":{"line":30,"column":0},"end":{"line":30,"column":2}},"30":{"start":{"line":31,"column":0},"end":{"line":31,"column":41}},"31":{"start":{"line":32,"column":0},"end":{"line":32,"column":33}},"32":{"start":{"line":33,"column":0},"end":{"line":33,"column":2}},"33":{"start":{"line":34,"column":0},"end":{"line":34,"column":31}},"34":{"start":{"line":35,"column":0},"end":{"line":35,"column":39}},"35":{"start":{"line":36,"column":0},"end":{"line":36,"column":56}},"36":{"start":{"line":37,"column":0},"end":{"line":37,"column":123}},"37":{"start":{"line":38,"column":0},"end":{"line":38,"column":19}},"38":{"start":{"line":39,"column":0},"end":{"line":39,"column":9}},"39":{"start":{"line":40,"column":0},"end":{"line":40,"column":2}},"40":{"start":{"line":41,"column":0},"end":{"line":41,"column":61}},"41":{"start":{"line":42,"column":0},"end":{"line":42,"column":128}},"42":{"start":{"line":43,"column":0},"end":{"line":43,"column":63}},"43":{"start":{"line":44,"column":0},"end":{"line":44,"column":2}},"44":{"start":{"line":45,"column":0},"end":{"line":45,"column":74}},"45":{"start":{"line":46,"column":0},"end":{"line":46,"column":164}},"46":{"start":{"line":47,"column":0},"end":{"line":47,"column":33}},"47":{"start":{"line":48,"column":0},"end":{"line":48,"column":77}},"48":{"start":{"line":49,"column":0},"end":{"line":49,"column":9}},"49":{"start":{"line":50,"column":0},"end":{"line":50,"column":2}},"50":{"start":{"line":51,"column":0},"end":{"line":51,"column":69}},"51":{"start":{"line":52,"column":0},"end":{"line":52,"column":2}},"52":{"start":{"line":53,"column":0},"end":{"line":53,"column":56}},"53":{"start":{"line":54,"column":0},"end":{"line":54,"column":91}},"54":{"start":{"line":55,"column":0},"end":{"line":55,"column":130}},"55":{"start":{"line":56,"column":0},"end":{"line":56,"column":80}},"56":{"start":{"line":57,"column":0},"end":{"line":57,"column":9}},"57":{"start":{"line":58,"column":0},"end":{"line":58,"column":2}},"58":{"start":{"line":59,"column":0},"end":{"line":59,"column":86}},"59":{"start":{"line":60,"column":0},"end":{"line":60,"column":56}},"60":{"start":{"line":61,"column":0},"end":{"line":61,"column":65}},"61":{"start":{"line":62,"column":0},"end":{"line":62,"column":9}},"62":{"start":{"line":63,"column":0},"end":{"line":63,"column":2}},"63":{"start":{"line":64,"column":0},"end":{"line":64,"column":76}},"64":{"start":{"line":65,"column":0},"end":{"line":65,"column":46}},"65":{"start":{"line":66,"column":0},"end":{"line":66,"column":141}},"66":{"start":{"line":67,"column":0},"end":{"line":67,"column":9}},"67":{"start":{"line":68,"column":0},"end":{"line":68,"column":7}},"68":{"start":{"line":69,"column":0},"end":{"line":69,"column":2}},"69":{"start":{"line":70,"column":0},"end":{"line":70,"column":41}},"70":{"start":{"line":71,"column":0},"end":{"line":71,"column":41}},"71":{"start":{"line":72,"column":0},"end":{"line":72,"column":49}},"72":{"start":{"line":73,"column":0},"end":{"line":73,"column":7}},"73":{"start":{"line":74,"column":0},"end":{"line":74,"column":2}},"74":{"start":{"line":75,"column":0},"end":{"line":75,"column":33}},"75":{"start":{"line":76,"column":0},"end":{"line":76,"column":5}},"76":{"start":{"line":77,"column":0},"end":{"line":77,"column":3}},"77":{"start":{"line":78,"column":0},"end":{"line":78,"column":2}},"78":{"start":{"line":79,"column":0},"end":{"line":79,"column":40}}},"s":{"0":1,"1":1,"2":1,"3":1,"4":1,"5":1,"6":1,"7":1,"8":1,"9":1,"10":1,"11":1,"12":1,"13":1,"14":1,"15":1,"16":1,"17":1,"18":1,"19":1,"20":5,"21":5,"22":1,"23":1,"24":4,"25":4,"26":5,"27":1,"28":1,"29":3,"30":3,"31":3,"32":3,"33":3,"34":5,"35":15,"36":15,"37":8,"38":8,"39":7,"40":7,"41":7,"42":7,"43":7,"44":7,"45":15,"46":15,"47":2,"48":2,"49":7,"50":7,"51":7,"52":7,"53":7,"54":15,"55":0,"56":0,"57":7,"58":7,"59":15,"60":2,"61":2,"62":5,"63":5,"64":15,"65":3,"66":3,"67":15,"68":3,"69":3,"70":5,"71":1,"72":1,"73":2,"74":2,"75":2,"76":1,"77":1,"78":1},"branchMap":{"0":{"type":"branch","line":20,"loc":{"start":{"line":20,"column":4},"end":{"line":76,"column":5}},"locations":[{"start":{"line":20,"column":4},"end":{"line":76,"column":5}}]},"1":{"type":"branch","line":22,"loc":{"start":{"line":22,"column":28},"end":{"line":24,"column":7}},"locations":[{"start":{"line":22,"column":28},"end":{"line":24,"column":7}}]},"2":{"type":"branch","line":24,"loc":{"start":{"line":24,"column":6},"end":{"line":27,"column":27}},"locations":[{"start":{"line":24,"column":6},"end":{"line":27,"column":27}}]},"3":{"type":"branch","line":27,"loc":{"start":{"line":27,"column":27},"end":{"line":29,"column":7}},"locations":[{"start":{"line":27,"column":27},"end":{"line":29,"column":7}}]},"4":{"type":"branch","line":29,"loc":{"start":{"line":29,"column":6},"end":{"line":35,"column":38}},"locations":[{"start":{"line":29,"column":6},"end":{"line":35,"column":38}}]},"5":{"type":"branch","line":35,"loc":{"start":{"line":35,"column":38},"end":{"line":68,"column":7}},"locations":[{"start":{"line":35,"column":38},"end":{"line":68,"column":7}}]},"6":{"type":"branch","line":37,"loc":{"start":{"line":37,"column":54},"end":{"line":37,"column":120}},"locations":[{"start":{"line":37,"column":54},"end":{"line":37,"column":120}}]},"7":{"type":"branch","line":37,"loc":{"start":{"line":37,"column":83},"end":{"line":37,"column":119}},"locations":[{"start":{"line":37,"column":83},"end":{"line":37,"column":119}}]},"8":{"type":"branch","line":37,"loc":{"start":{"line":37,"column":122},"end":{"line":39,"column":9}},"locations":[{"start":{"line":37,"column":122},"end":{"line":39,"column":9}}]},"9":{"type":"branch","line":39,"loc":{"start":{"line":39,"column":8},"end":{"line":46,"column":163}},"locations":[{"start":{"line":39,"column":8},"end":{"line":46,"column":163}}]},"10":{"type":"branch","line":46,"loc":{"start":{"line":46,"column":119},"end":{"line":46,"column":163}},"locations":[{"start":{"line":46,"column":119},"end":{"line":46,"column":163}}]},"11":{"type":"branch","line":47,"loc":{"start":{"line":47,"column":32},"end":{"line":49,"column":9}},"locations":[{"start":{"line":47,"column":32},"end":{"line":49,"column":9}}]},"12":{"type":"branch","line":49,"loc":{"start":{"line":49,"column":8},"end":{"line":55,"column":36}},"locations":[{"start":{"line":49,"column":8},"end":{"line":55,"column":36}}]},"13":{"type":"branch","line":55,"loc":{"start":{"line":55,"column":32},"end":{"line":55,"column":72}},"locations":[{"start":{"line":55,"column":32},"end":{"line":55,"column":72}}]},"14":{"type":"branch","line":55,"loc":{"start":{"line":55,"column":72},"end":{"line":55,"column":127}},"locations":[{"start":{"line":55,"column":72},"end":{"line":55,"column":127}}]},"15":{"type":"branch","line":55,"loc":{"start":{"line":55,"column":129},"end":{"line":57,"column":9}},"locations":[{"start":{"line":55,"column":129},"end":{"line":57,"column":9}}]},"16":{"type":"branch","line":57,"loc":{"start":{"line":57,"column":8},"end":{"line":60,"column":32}},"locations":[{"start":{"line":57,"column":8},"end":{"line":60,"column":32}}]},"17":{"type":"branch","line":60,"loc":{"start":{"line":60,"column":28},"end":{"line":60,"column":53}},"locations":[{"start":{"line":60,"column":28},"end":{"line":60,"column":53}}]},"18":{"type":"branch","line":60,"loc":{"start":{"line":60,"column":55},"end":{"line":62,"column":9}},"locations":[{"start":{"line":60,"column":55},"end":{"line":62,"column":9}}]},"19":{"type":"branch","line":62,"loc":{"start":{"line":62,"column":8},"end":{"line":65,"column":45}},"locations":[{"start":{"line":62,"column":8},"end":{"line":65,"column":45}}]},"20":{"type":"branch","line":65,"loc":{"start":{"line":65,"column":45},"end":{"line":67,"column":9}},"locations":[{"start":{"line":65,"column":45},"end":{"line":67,"column":9}}]},"21":{"type":"branch","line":68,"loc":{"start":{"line":68,"column":6},"end":{"line":71,"column":40}},"locations":[{"start":{"line":68,"column":6},"end":{"line":71,"column":40}}]},"22":{"type":"branch","line":71,"loc":{"start":{"line":71,"column":40},"end":{"line":73,"column":7}},"locations":[{"start":{"line":71,"column":40},"end":{"line":73,"column":7}}]},"23":{"type":"branch","line":73,"loc":{"start":{"line":73,"column":6},"end":{"line":76,"column":5}},"locations":[{"start":{"line":73,"column":6},"end":{"line":76,"column":5}}]},"24":{"type":"branch","line":42,"loc":{"start":{"line":42,"column":67},"end":{"line":42,"column":123}},"locations":[{"start":{"line":42,"column":67},"end":{"line":42,"column":123}}]},"25":{"type":"branch","line":54,"loc":{"start":{"line":54,"column":64},"end":{"line":54,"column":89}},"locations":[{"start":{"line":54,"column":64},"end":{"line":54,"column":89}}]}},"b":{"0":[5],"1":[1],"2":[4],"3":[1],"4":[3],"5":[15],"6":[8],"7":[0],"8":[8],"9":[7],"10":[4],"11":[2],"12":[7],"13":[1],"14":[0],"15":[0],"16":[7],"17":[2],"18":[2],"19":[5],"20":[3],"21":[3],"22":[1],"23":[2],"24":[8],"25":[8]},"fnMap":{"0":{"name":"analisaRecintos","decl":{"start":{"line":20,"column":4},"end":{"line":76,"column":5}},"loc":{"start":{"line":20,"column":4},"end":{"line":76,"column":5}},"line":20}},"f":{"0":5}}
}
