TN:
SF:src/recintos-zoo.js
FN:20,analisaRecintos
FNF:1
FNH:1
FNDA:5,analisaRecintos
DA:1,1
DA:2,1
DA:3,1
DA:4,1
DA:5,1
DA:6,1
DA:7,1
DA:8,1
DA:9,1
DA:10,1
DA:11,1
DA:12,1
DA:13,1
DA:14,1
DA:15,1
DA:16,1
DA:17,1
DA:18,1
DA:19,1
DA:20,1
DA:21,5
DA:22,5
DA:23,1
DA:24,1
DA:25,4
DA:26,4
DA:27,5
DA:28,1
DA:29,1
DA:30,3
DA:31,3
DA:32,3
DA:33,3
DA:34,3
DA:35,5
DA:36,15
DA:37,15
DA:38,6
DA:39,6
DA:40,9
DA:41,9
DA:42,9
DA:43,9
DA:44,9
DA:45,9
DA:46,15
DA:47,15
DA:48,4
DA:49,4
DA:50,9
DA:51,9
DA:52,9
DA:53,9
DA:54,9
DA:55,15
DA:56,0
DA:57,0
DA:58,9
DA:59,9
DA:60,15
DA:61,2
DA:62,2
DA:63,7
DA:64,7
DA:65,15
DA:66,4
DA:67,4
DA:68,15
DA:69,3
DA:70,3
DA:71,5
DA:72,1
DA:73,1
DA:74,2
DA:75,2
DA:76,2
DA:77,1
DA:78,1
DA:79,1
LF:79
LH:77
BRDA:20,0,0,5
BRDA:22,1,0,1
BRDA:24,2,0,4
BRDA:27,3,0,1
BRDA:29,4,0,3
BRDA:35,5,0,15
BRDA:37,6,0,8
BRDA:37,7,0,0
BRDA:37,8,0,8
BRDA:37,9,0,4
BRDA:37,10,0,6
BRDA:39,11,0,9
BRDA:46,12,0,6
BRDA:47,13,0,4
BRDA:49,14,0,9
BRDA:55,15,0,1
BRDA:55,16,0,0
BRDA:55,17,0,0
BRDA:57,18,0,9
BRDA:60,19,0,2
BRDA:60,20,0,2
BRDA:62,21,0,7
BRDA:65,22,0,4
BRDA:68,23,0,3
BRDA:71,24,0,1
BRDA:73,25,0,2
BRDA:42,26,0,10
BRDA:54,27,0,10
BRF:28
BRH:25
end_of_record
